<?xml version="1.0" encoding="UTF-8"?>
<!-- Generated by org.testng.reporters.JUnitReportReporter -->
<testsuite hostname="DESKTOP-J4G5Q7I" name="com.guru99.tests.Test99GuruHomePage" tests="3" failures="1" timestamp="21 Apr 2018 18:15:45 GMT" time="0.177" errors="0">
  <testcase name="test_Home_Page_DashBoard_UserName" time="0.084" classname="com.guru99.tests.Test99GuruHomePage"/>
  <testcase name="test_Home_Page_Dashboard_clickSeleniumDropdownList" time="0.001" classname="com.guru99.tests.Test99GuruHomePage">
    <failure type="java.lang.Error" message="Unresolved compilation problem: 
	The method checkSeleniumSelectElementFromDropDown() in the type Guru99HomePage is not applicable for the arguments (String)
">
      <![CDATA[java.lang.Error: Unresolved compilation problem: 
	The method checkSeleniumSelectElementFromDropDown() in the type Guru99HomePage is not applicable for the arguments (String)

	at com.guru99.tests.Test99GuruHomePage.test_Home_Page_Dashboard_clickSeleniumDropdownList(Test99GuruHomePage.java:87)
	at sun.reflect.NativeMethodAccessorImpl.invoke0(Native Method)
	at sun.reflect.NativeMethodAccessorImpl.invoke(Unknown Source)
	at sun.reflect.DelegatingMethodAccessorImpl.invoke(Unknown Source)
	at java.lang.reflect.Method.invoke(Unknown Source)
	at org.testng.internal.MethodInvocationHelper.invokeMethod(MethodInvocationHelper.java:80)
	at org.testng.internal.Invoker.invokeMethod(Invoker.java:691)
	at org.testng.internal.Invoker.invokeTestMethod(Invoker.java:883)
	at org.testng.internal.Invoker.invokeTestMethods(Invoker.java:1208)
	at org.testng.internal.TestMethodWorker.invokeTestMethods(TestMethodWorker.java:127)
	at org.testng.internal.TestMethodWorker.run(TestMethodWorker.java:111)
	at org.testng.TestRunner.privateRun(TestRunner.java:758)
	at org.testng.TestRunner.run(TestRunner.java:613)
	at org.testng.SuiteRunner.runTest(SuiteRunner.java:334)
	at org.testng.SuiteRunner.runSequentially(SuiteRunner.java:329)
	at org.testng.SuiteRunner.privateRun(SuiteRunner.java:291)
	at org.testng.SuiteRunner.run(SuiteRunner.java:240)
	at org.testng.SuiteRunnerWorker.runSuite(SuiteRunnerWorker.java:53)
	at org.testng.SuiteRunnerWorker.run(SuiteRunnerWorker.java:87)
	at org.testng.TestNG.runSuitesSequentially(TestNG.java:1137)
	at org.testng.TestNG.runSuitesLocally(TestNG.java:1062)
	at org.testng.TestNG.run(TestNG.java:974)
	at org.testng.remote.AbstractRemoteTestNG.run(AbstractRemoteTestNG.java:114)
	at org.testng.remote.RemoteTestNG.initAndRun(RemoteTestNG.java:251)
	at org.testng.remote.RemoteTestNG.main(RemoteTestNG.java:77)
]]>
    </failure>
  </testcase>
  <testcase name="test_Home_Page_DashBoard_StepsGenerateAccess" time="0.092" classname="com.guru99.tests.Test99GuruHomePage"/>
</testsuite>
